0 info it worked if it ends with ok
1 verbose cli [ '/usr/local/bin/node',
1 verbose cli   '/services/node_modules/.bin/npm',
1 verbose cli   'run',
1 verbose cli   'api-tests-watch' ]
2 info using npm@3.10.10
3 info using node@v10.9.0
4 warn invalid config loglevel="notice"
5 verbose run-script [ 'preapi-tests-watch',
5 verbose run-script   'api-tests-watch',
5 verbose run-script   'postapi-tests-watch' ]
6 info lifecycle micro-servicesjs@0.1.0~preapi-tests-watch: micro-servicesjs@0.1.0
7 silly lifecycle micro-servicesjs@0.1.0~preapi-tests-watch: no script for preapi-tests-watch, continuing
8 info lifecycle micro-servicesjs@0.1.0~api-tests-watch: micro-servicesjs@0.1.0
9 verbose lifecycle micro-servicesjs@0.1.0~api-tests-watch: unsafe-perm in lifecycle true
10 verbose lifecycle micro-servicesjs@0.1.0~api-tests-watch: PATH: /services/node_modules/npm/bin/node-gyp-bin:/services/node_modules/.bin:/usr/local/lib/node_modules/npm/node_modules/npm-lifecycle/node-gyp-bin:/services/node_modules/.bin:/usr/local/sbin:/usr/local/bin:/usr/sbin:/usr/bin:/sbin:/bin
11 verbose lifecycle micro-servicesjs@0.1.0~api-tests-watch: CWD: /services
12 silly lifecycle micro-servicesjs@0.1.0~api-tests-watch: Args: [ '-c',
12 silly lifecycle   'nodemon -x \'just-api --reporter html /services/test/e2e/\'' ]
13 silly lifecycle micro-servicesjs@0.1.0~api-tests-watch: Returned: code: 143  signal: null
14 info lifecycle micro-servicesjs@0.1.0~api-tests-watch: Failed to exec api-tests-watch script
15 verbose stack Error: micro-servicesjs@0.1.0 api-tests-watch: `nodemon -x 'just-api --reporter html /services/test/e2e/'`
15 verbose stack Exit status 143
15 verbose stack     at EventEmitter.<anonymous> (/services/node_modules/npm/lib/utils/lifecycle.js:255:16)
15 verbose stack     at EventEmitter.emit (events.js:182:13)
15 verbose stack     at ChildProcess.<anonymous> (/services/node_modules/npm/lib/utils/spawn.js:40:14)
15 verbose stack     at ChildProcess.emit (events.js:182:13)
15 verbose stack     at maybeClose (internal/child_process.js:961:16)
15 verbose stack     at Process.ChildProcess._handle.onexit (internal/child_process.js:250:5)
16 verbose pkgid micro-servicesjs@0.1.0
17 verbose cwd /services
18 error Linux 4.9.93-linuxkit-aufs
19 error argv "/usr/local/bin/node" "/services/node_modules/.bin/npm" "run" "api-tests-watch"
20 error node v10.9.0
21 error npm  v3.10.10
22 error code ELIFECYCLE
23 error micro-servicesjs@0.1.0 api-tests-watch: `nodemon -x 'just-api --reporter html /services/test/e2e/'`
23 error Exit status 143
24 error Failed at the micro-servicesjs@0.1.0 api-tests-watch script 'nodemon -x 'just-api --reporter html /services/test/e2e/''.
24 error Make sure you have the latest version of node.js and npm installed.
24 error If you do, this is most likely a problem with the micro-servicesjs package,
24 error not with npm itself.
24 error Tell the author that this fails on your system:
24 error     nodemon -x 'just-api --reporter html /services/test/e2e/'
24 error You can get information on how to open an issue for this project with:
24 error     npm bugs micro-servicesjs
24 error Or if that isn't available, you can get their info via:
24 error     npm owner ls micro-servicesjs
24 error There is likely additional logging output above.
25 verbose exit [ 1, true ]
